android/JetsonRemoteControl/jetsonremotecontrol-app/build/outputs/logs/manifest-merger-debug-report.txt
-- Merging decision tree log ---
manifest
ADDED from src/main/AndroidManifest.xml:1:1-29:12
	package
		ADDED from src/main/AndroidManifest.xml:2:5-52
		INJECTED from src/main/AndroidManifest.xml
		INJECTED from src/main/AndroidManifest.xml
	android:versionName
		INJECTED from src/main/AndroidManifest.xml
		INJECTED from src/main/AndroidManifest.xml
	xmlns:android
		ADDED from src/main/AndroidManifest.xml:1:11-69
	android:versionCode
		INJECTED from src/main/AndroidManifest.xml
		INJECTED from src/main/AndroidManifest.xml
application
ADDED from src/main/AndroidManifest.xml:4:5-27:19
MERGED from [com.android.support:appcompat-v7:25.0.0] AndroidManifest.xml:25:5-20
MERGED from [com.android.support:support-v4:25.0.0] AndroidManifest.xml:25:5-20
MERGED from [com.android.support:support-compat:25.0.0] AndroidManifest.xml:25:5-20
MERGED from [com.android.support:support-media-compat:25.0.0] AndroidManifest.xml:25:5-20
MERGED from [com.android.support:support-core-utils:25.0.0] AndroidManifest.xml:25:5-20
MERGED from [com.android.support:support-core-ui:25.0.0] AndroidManifest.xml:25:5-20
MERGED from [com.android.support:support-fragment:25.0.0] AndroidManifest.xml:25:5-20
MERGED from [com.android.support:support-vector-drawable:25.0.0] AndroidManifest.xml:23:5-20
MERGED from [com.android.support:animated-vector-drawable:25.0.0] AndroidManifest.xml:22:5-20
MERGED from [com.android.support.constraint:constraint-layout:1.0.0-alpha9] AndroidManifest.xml:9:5-20
MERGED from [JetsonRemoteControl.libs:rosandroid-core:unspecified] AndroidManifest.xml:11:5-21:19
	android:label
		ADDED from src/main/AndroidManifest.xml:8:9-41
	android:supportsRtl
		ADDED from src/main/AndroidManifest.xml:9:9-35
	android:allowBackup
		ADDED from src/main/AndroidManifest.xml:6:9-35
	android:icon
		ADDED from src/main/AndroidManifest.xml:7:9-43
	android:theme
		ADDED from src/main/AndroidManifest.xml:10:9-40
	android:name
		ADDED from src/main/AndroidManifest.xml:5:9-78
activity#matthewkleinsmith.jetsonremotecontrol.StartServiceActivity
ADDED from src/main/AndroidManifest.xml:11:9-19:20
	android:screenOrientation
		ADDED from src/main/AndroidManifest.xml:14:13-49
	android:label
		ADDED from src/main/AndroidManifest.xml:13:13-45
	android:name
		ADDED from src/main/AndroidManifest.xml:12:13-49
intent-filter#android.intent.action.MAIN+android.intent.category.LAUNCHER
ADDED from src/main/AndroidManifest.xml:15:13-18:29
action#android.intent.action.MAIN
ADDED from src/main/AndroidManifest.xml:16:17-69
	android:name
		ADDED from src/main/AndroidManifest.xml:16:25-66
category#android.intent.category.LAUNCHER
ADDED from src/main/AndroidManifest.xml:17:17-77
	android:name
		ADDED from src/main/AndroidManifest.xml:17:27-74
activity#matthewkleinsmith.jetsonremotecontrol.GetDataActivity
ADDED from src/main/AndroidManifest.xml:20:9-23:59
	android:screenOrientation
		ADDED from src/main/AndroidManifest.xml:23:13-56
	android:label
		ADDED from src/main/AndroidManifest.xml:22:13-45
	android:name
		ADDED from src/main/AndroidManifest.xml:21:13-44
activity#matthewkleinsmith.jetsonremotecontrol.UseModelActivity
ADDED from src/main/AndroidManifest.xml:24:9-26:52
	android:screenOrientation
		ADDED from src/main/AndroidManifest.xml:26:13-49
	android:name
		ADDED from src/main/AndroidManifest.xml:25:13-45
uses-sdk
INJECTED from src/main/AndroidManifest.xml reason: use-sdk injection requested
MERGED from [com.android.support:appcompat-v7:25.0.0] AndroidManifest.xml:21:5-23:78
MERGED from [com.android.support:support-v4:25.0.0] AndroidManifest.xml:21:5-23:54
MERGED from [com.android.support:support-compat:25.0.0] AndroidManifest.xml:21:5-23:58
MERGED from [com.android.support:support-media-compat:25.0.0] AndroidManifest.xml:21:5-23:63
MERGED from [com.android.support:support-core-utils:25.0.0] AndroidManifest.xml:21:5-23:61
MERGED from [com.android.support:support-core-ui:25.0.0] AndroidManifest.xml:21:5-23:58
MERGED from [com.android.support:support-fragment:25.0.0] AndroidManifest.xml:21:5-23:60
MERGED from [com.android.support:support-vector-drawable:25.0.0] AndroidManifest.xml:21:5-43
MERGED from [com.android.support:animated-vector-drawable:25.0.0] AndroidManifest.xml:20:5-44
MERGED from [com.android.support.constraint:constraint-layout:1.0.0-alpha9] AndroidManifest.xml:5:5-7:41
	tools:overrideLibrary
		ADDED from [com.android.support:appcompat-v7:25.0.0] AndroidManifest.xml:23:9-75
	android:targetSdkVersion
		INJECTED from src/main/AndroidManifest.xml
		INJECTED from src/main/AndroidManifest.xml
	android:minSdkVersion
		INJECTED from src/main/AndroidManifest.xml
		INJECTED from src/main/AndroidManifest.xml
uses-permission#android.permission.INTERNET
ADDED from [JetsonRemoteControl.libs:rosandroid-core:unspecified] AndroidManifest.xml:5:5-67
	android:name
		ADDED from [JetsonRemoteControl.libs:rosandroid-core:unspecified] AndroidManifest.xml:5:22-64
uses-permission#android.permission.WRITE_EXTERNAL_STORAGE
ADDED from [JetsonRemoteControl.libs:rosandroid-core:unspecified] AndroidManifest.xml:6:5-81
	android:name
		ADDED from [JetsonRemoteControl.libs:rosandroid-core:unspecified] AndroidManifest.xml:6:22-78
uses-permission#android.permission.ACCESS_WIFI_STATE
ADDED from [JetsonRemoteControl.libs:rosandroid-core:unspecified] AndroidManifest.xml:7:5-76
	android:name
		ADDED from [JetsonRemoteControl.libs:rosandroid-core:unspecified] AndroidManifest.xml:7:22-73
uses-permission#android.permission.CHANGE_WIFI_STATE
ADDED from [JetsonRemoteControl.libs:rosandroid-core:unspecified] AndroidManifest.xml:8:5-76
	android:name
		ADDED from [JetsonRemoteControl.libs:rosandroid-core:unspecified] AndroidManifest.xml:8:22-73
uses-permission#android.permission.WAKE_LOCK
ADDED from [JetsonRemoteControl.libs:rosandroid-core:unspecified] AndroidManifest.xml:9:5-68
	android:name
		ADDED from [JetsonRemoteControl.libs:rosandroid-core:unspecified] AndroidManifest.xml:9:22-65
activity#org.ros.android.MasterChooser
ADDED from [JetsonRemoteControl.libs:rosandroid-core:unspecified] AndroidManifest.xml:12:9-66
	android:name
		ADDED from [JetsonRemoteControl.libs:rosandroid-core:unspecified] AndroidManifest.xml:12:19-63
service#org.ros.android.NodeMainExecutorService
ADDED from [JetsonRemoteControl.libs:rosandroid-core:unspecified] AndroidManifest.xml:14:9-20:19
	android:exported
		ADDED from [JetsonRemoteControl.libs:rosandroid-core:unspecified] AndroidManifest.xml:16:13-37
	android:name
		ADDED from [JetsonRemoteControl.libs:rosandroid-core:unspecified] AndroidManifest.xml:15:13-67
intent-filter#org.ros.android.NodeMainExecutorService
ADDED from [JetsonRemoteControl.libs:rosandroid-core:unspecified] AndroidManifest.xml:17:13-19:29
action#org.ros.android.NodeMainExecutorService
ADDED from [JetsonRemoteControl.libs:rosandroid-core:unspecified] AndroidManifest.xml:18:17-82
	android:name
		ADDED from [JetsonRemoteControl.libs:rosandroid-core:unspecified] AndroidManifest.xml:18:25-79
android:uses-permission#android.permission.WRITE_EXTERNAL_STORAGE
IMPLIED from src/main/AndroidManifest.xml:1:1-29:12 reason: org.ros.android has a targetSdkVersion < 4
android:uses-permission#android.permission.READ_PHONE_STATE
IMPLIED from src/main/AndroidManifest.xml:1:1-29:12 reason: org.ros.android has a targetSdkVersion < 4
android:uses-permission#android.permission.READ_EXTERNAL_STORAGE
IMPLIED from src/main/AndroidManifest.xml:1:1-29:12 reason: org.ros.android requested WRITE_EXTERNAL_STORAGE